2025-03-11 09:26:32,972 - __main__ - INFO - Main module started
2025-03-11 09:26:32,974 - module_a - INFO - Module A function executed
2025-03-11 09:26:32,974 - module_b - INFO - Module B function executed
2025-03-11 09:26:32,977 - __main__ - INFO - Main module finished
2025-03-11 09:26:33,052 - performance_logger - DEBUG - This is a debug message
2025-03-11 09:26:33,128 - performance_logger - DEBUG - This is a debug message
2025-03-11 09:26:33,134 - performance_logger - DEBUG - This is a debug message
2025-03-11 09:26:33,135 - performance_logger - DEBUG - This is a debug message
2025-03-11 09:26:33,135 - performance_logger - DEBUG - This is a debug message
2025-03-11 09:26:33,135 - performance_logger - DEBUG - This is a debug message
2025-03-11 09:26:33,135 - performance_logger - DEBUG - This is a debug message
2025-03-11 09:26:33,135 - performance_logger - DEBUG - This is a debug message
2025-03-11 09:26:33,141 - performance_logger - DEBUG - This is a debug message
2025-03-11 09:26:33,142 - performance_logger - DEBUG - This is a debug message
2025-03-11 09:26:33,142 - performance_logger - DEBUG - This is a debug message
2025-03-11 09:26:33,142 - performance_logger - DEBUG - This is a debug message
2025-03-11 09:26:33,142 - performance_logger - DEBUG - This is a debug message
2025-03-11 09:26:33,142 - performance_logger - DEBUG - This is a debug message
2025-03-11 09:26:33,148 - performance_logger - DEBUG - This is a debug message
2025-03-11 09:26:33,149 - performance_logger - DEBUG - This is a debug message
2025-03-11 09:26:33,149 - performance_logger - DEBUG - This is a debug message
2025-03-11 09:26:33,149 - performance_logger - DEBUG - This is a debug message
2025-03-11 09:26:33,149 - performance_logger - DEBUG - This is a debug message
2025-03-11 09:26:33,149 - performance_logger - DEBUG - This is a debug message
2025-03-11 09:26:33,149 - performance_logger - DEBUG - This is a debug message
2025-03-11 09:26:33,156 - performance_logger - DEBUG - This is a debug message
2025-03-11 09:26:33,156 - performance_logger - DEBUG - This is a debug message
2025-03-11 09:26:33,156 - performance_logger - DEBUG - This is a debug message
2025-03-11 09:26:33,156 - performance_logger - DEBUG - This is a debug message
2025-03-11 09:26:33,156 - performance_logger - DEBUG - This is a debug message
2025-03-11 09:26:33,156 - performance_logger - DEBUG - This is a debug message
2025-03-11 09:26:33,163 - performance_logger - DEBUG - This is a debug message
2025-03-11 09:26:33,163 - performance_logger - DEBUG - This is a debug message
2025-03-11 09:26:33,163 - performance_logger - DEBUG - This is a debug message
2025-03-11 09:26:33,163 - performance_logger - DEBUG - This is a debug message
2025-03-11 09:26:33,163 - performance_logger - DEBUG - This is a debug message
2025-03-11 09:26:33,169 - performance_logger - DEBUG - This is a debug message
2025-03-11 09:26:33,169 - performance_logger - DEBUG - This is a debug message
2025-03-11 09:26:33,171 - performance_logger - DEBUG - This is a debug message
2025-03-11 09:26:33,171 - performance_logger - DEBUG - This is a debug message
2025-03-11 09:26:33,171 - performance_logger - DEBUG - This is a debug message
2025-03-11 09:26:33,171 - performance_logger - DEBUG - This is a debug message
2025-03-11 09:26:33,171 - performance_logger - DEBUG - This is a debug message
2025-03-11 09:26:33,174 - performance_logger - DEBUG - This is a debug message
2025-03-11 09:26:33,176 - performance_logger - DEBUG - This is a debug message
2025-03-11 09:26:33,176 - performance_logger - DEBUG - This is a debug message
2025-03-11 09:26:33,176 - performance_logger - DEBUG - This is a debug message
2025-03-11 09:26:33,176 - performance_logger - DEBUG - This is a debug message
2025-03-11 09:26:33,176 - performance_logger - DEBUG - This is a debug message
2025-03-11 09:26:33,176 - performance_logger - DEBUG - This is a debug message
2025-03-11 09:26:33,176 - performance_logger - DEBUG - This is a debug message
2025-03-11 09:26:33,187 - performance_logger - DEBUG - This is a debug message
2025-03-11 09:26:33,187 - performance_logger - DEBUG - This is a debug message
2025-03-11 09:26:33,189 - performance_logger - DEBUG - This is a debug message
2025-03-11 09:26:33,189 - performance_logger - DEBUG - This is a debug message
2025-03-11 09:26:33,189 - performance_logger - DEBUG - This is a debug message
2025-03-11 09:26:33,189 - performance_logger - DEBUG - This is a debug message
2025-03-11 09:26:33,189 - performance_logger - DEBUG - This is a debug message
2025-03-11 09:26:33,189 - performance_logger - DEBUG - This is a debug message
2025-03-11 09:26:33,195 - performance_logger - DEBUG - This is a debug message
2025-03-11 09:26:33,196 - performance_logger - DEBUG - This is a debug message
2025-03-11 09:26:33,197 - performance_logger - DEBUG - This is a debug message
2025-03-11 09:26:33,198 - performance_logger - DEBUG - This is a debug message
2025-03-11 09:26:33,199 - performance_logger - DEBUG - This is a debug message
2025-03-11 09:26:33,199 - performance_logger - DEBUG - This is a debug message
2025-03-11 09:26:33,199 - performance_logger - DEBUG - This is a debug message
2025-03-11 09:26:33,199 - performance_logger - DEBUG - This is a debug message
2025-03-11 09:26:33,199 - performance_logger - DEBUG - This is a debug message
2025-03-11 09:26:33,206 - performance_logger - DEBUG - This is a debug message
2025-03-11 09:26:33,207 - performance_logger - DEBUG - This is a debug message
2025-03-11 09:26:33,207 - performance_logger - DEBUG - This is a debug message
2025-03-11 09:26:33,207 - performance_logger - DEBUG - This is a debug message
2025-03-11 09:26:33,210 - performance_logger - DEBUG - This is a debug message
2025-03-11 09:26:33,210 - performance_logger - DEBUG - This is a debug message
2025-03-11 09:26:33,210 - performance_logger - DEBUG - This is a debug message
2025-03-11 09:26:33,210 - performance_logger - DEBUG - This is a debug message
2025-03-11 09:26:33,210 - performance_logger - DEBUG - This is a debug message
2025-03-11 09:26:33,210 - performance_logger - DEBUG - This is a debug message
2025-03-11 09:26:33,210 - performance_logger - DEBUG - This is a debug message
2025-03-11 09:26:33,210 - performance_logger - DEBUG - This is a debug message
2025-03-11 09:26:33,210 - performance_logger - DEBUG - This is a debug message
2025-03-11 09:26:33,210 - performance_logger - DEBUG - This is a debug message
2025-03-11 09:26:33,210 - performance_logger - DEBUG - This is a debug message
2025-03-11 09:26:33,210 - performance_logger - DEBUG - This is a debug message
2025-03-11 09:26:33,210 - performance_logger - DEBUG - This is a debug message
2025-03-11 09:26:33,210 - performance_logger - DEBUG - This is a debug message
2025-03-11 09:26:33,226 - performance_logger - DEBUG - This is a debug message
2025-03-11 09:26:33,226 - performance_logger - DEBUG - This is a debug message
2025-03-11 09:26:33,226 - performance_logger - DEBUG - This is a debug message
2025-03-11 09:26:33,226 - performance_logger - DEBUG - This is a debug message
2025-03-11 09:26:33,226 - performance_logger - DEBUG - This is a debug message
2025-03-11 09:26:33,226 - performance_logger - DEBUG - This is a debug message
2025-03-11 09:26:33,231 - performance_logger - DEBUG - This is a debug message
2025-03-11 09:26:33,231 - performance_logger - DEBUG - This is a debug message
2025-03-11 09:26:33,231 - performance_logger - DEBUG - This is a debug message
2025-03-11 09:26:33,231 - performance_logger - DEBUG - This is a debug message
2025-03-11 09:26:33,231 - performance_logger - DEBUG - This is a debug message
2025-03-11 09:26:33,231 - performance_logger - DEBUG - This is a debug message
2025-03-11 09:26:33,231 - performance_logger - DEBUG - This is a debug message
2025-03-11 09:26:33,231 - performance_logger - DEBUG - This is a debug message
2025-03-11 09:26:33,231 - performance_logger - DEBUG - This is a debug message
2025-03-11 09:26:33,241 - performance_logger - DEBUG - This is a debug message
2025-03-11 09:26:33,241 - performance_logger - DEBUG - This is a debug message
2025-03-11 09:26:33,241 - performance_logger - DEBUG - This is a debug message
2025-03-11 09:26:33,241 - performance_logger - DEBUG - This is a debug message
2025-03-11 09:26:33,241 - performance_logger - DEBUG - This is a debug message
2025-03-11 09:26:33,241 - performance_logger - DEBUG - This is a debug message
2025-03-11 09:26:33,252 - performance_logger - DEBUG - This is a debug message
2025-03-11 09:26:33,252 - performance_logger - DEBUG - This is a debug message
2025-03-11 09:26:33,252 - performance_logger - DEBUG - This is a debug message
2025-03-11 09:26:33,252 - performance_logger - DEBUG - This is a debug message
2025-03-11 09:26:33,252 - performance_logger - DEBUG - This is a debug message
2025-03-11 09:26:33,252 - performance_logger - DEBUG - This is a debug message
2025-03-11 09:26:33,252 - performance_logger - DEBUG - This is a debug message
2025-03-11 09:26:33,252 - performance_logger - DEBUG - This is a debug message
2025-03-11 09:26:33,266 - performance_logger - DEBUG - This is a debug message
2025-03-11 09:26:33,270 - performance_logger - DEBUG - This is a debug message
2025-03-11 09:26:33,270 - performance_logger - DEBUG - This is a debug message
2025-03-11 09:26:33,270 - performance_logger - DEBUG - This is a debug message
2025-03-11 09:26:33,270 - performance_logger - DEBUG - This is a debug message
2025-03-11 09:26:33,270 - performance_logger - DEBUG - This is a debug message
2025-03-11 09:26:33,281 - performance_logger - DEBUG - This is a debug message
2025-03-11 09:26:33,281 - performance_logger - DEBUG - This is a debug message
2025-03-11 09:26:33,281 - performance_logger - DEBUG - This is a debug message
2025-03-11 09:26:33,281 - performance_logger - DEBUG - This is a debug message
2025-03-11 09:26:33,281 - performance_logger - DEBUG - This is a debug message
2025-03-11 09:26:33,281 - performance_logger - DEBUG - This is a debug message
2025-03-11 09:26:33,281 - performance_logger - DEBUG - This is a debug message
2025-03-11 09:26:33,297 - performance_logger - DEBUG - This is a debug message
2025-03-11 09:26:33,297 - performance_logger - DEBUG - This is a debug message
2025-03-11 09:26:33,301 - performance_logger - DEBUG - This is a debug message
2025-03-11 09:26:33,301 - performance_logger - DEBUG - This is a debug message
2025-03-11 09:26:33,301 - performance_logger - DEBUG - This is a debug message
2025-03-11 09:26:33,301 - performance_logger - DEBUG - This is a debug message
2025-03-11 09:26:33,313 - performance_logger - DEBUG - This is a debug message
2025-03-11 09:26:33,313 - performance_logger - DEBUG - This is a debug message
2025-03-11 09:26:33,313 - performance_logger - DEBUG - This is a debug message
2025-03-11 09:26:33,313 - performance_logger - DEBUG - This is a debug message
2025-03-11 09:26:33,321 - performance_logger - DEBUG - This is a debug message
2025-03-11 09:26:33,323 - performance_logger - DEBUG - This is a debug message
2025-03-11 09:26:33,323 - performance_logger - DEBUG - This is a debug message
2025-03-11 09:26:33,323 - performance_logger - DEBUG - This is a debug message
2025-03-11 09:26:33,330 - performance_logger - DEBUG - This is a debug message
2025-03-11 09:26:33,330 - performance_logger - DEBUG - This is a debug message
2025-03-11 09:26:33,330 - performance_logger - DEBUG - This is a debug message
2025-03-11 09:26:33,330 - performance_logger - DEBUG - This is a debug message
2025-03-11 09:26:33,338 - performance_logger - DEBUG - This is a debug message
2025-03-11 09:26:33,339 - performance_logger - DEBUG - This is a debug message
2025-03-11 09:26:33,342 - performance_logger - DEBUG - This is a debug message
2025-03-11 09:26:33,344 - performance_logger - DEBUG - This is a debug message
2025-03-11 09:26:33,344 - performance_logger - DEBUG - This is a debug message
2025-03-11 09:26:33,350 - performance_logger - DEBUG - This is a debug message
2025-03-11 09:26:33,350 - performance_logger - DEBUG - This is a debug message
2025-03-11 09:26:33,354 - performance_logger - DEBUG - This is a debug message
2025-03-11 09:26:33,356 - performance_logger - DEBUG - This is a debug message
2025-03-11 09:26:33,357 - performance_logger - DEBUG - This is a debug message
2025-03-11 09:26:33,359 - performance_logger - DEBUG - This is a debug message
2025-03-11 09:26:33,359 - performance_logger - DEBUG - This is a debug message
2025-03-11 09:26:33,363 - performance_logger - DEBUG - This is a debug message
2025-03-11 09:26:33,363 - performance_logger - DEBUG - This is a debug message
2025-03-11 09:26:33,363 - performance_logger - DEBUG - This is a debug message
2025-03-11 09:26:33,370 - performance_logger - DEBUG - This is a debug message
2025-03-11 09:26:33,371 - performance_logger - DEBUG - This is a debug message
2025-03-11 09:26:33,373 - performance_logger - DEBUG - This is a debug message
2025-03-11 09:26:33,377 - performance_logger - DEBUG - This is a debug message
2025-03-11 09:26:33,379 - performance_logger - DEBUG - This is a debug message
2025-03-11 09:26:33,379 - performance_logger - DEBUG - This is a debug message
2025-03-11 09:26:33,379 - performance_logger - DEBUG - This is a debug message
2025-03-11 09:26:33,385 - performance_logger - DEBUG - This is a debug message
2025-03-11 09:26:33,387 - performance_logger - DEBUG - This is a debug message
2025-03-11 09:26:33,392 - performance_logger - DEBUG - This is a debug message
2025-03-11 09:26:33,392 - performance_logger - DEBUG - This is a debug message
2025-03-11 09:26:33,396 - performance_logger - DEBUG - This is a debug message
2025-03-11 09:26:33,399 - performance_logger - DEBUG - This is a debug message
2025-03-11 09:26:33,399 - performance_logger - DEBUG - This is a debug message
2025-03-11 09:26:33,406 - performance_logger - DEBUG - This is a debug message
2025-03-11 09:26:33,407 - performance_logger - DEBUG - This is a debug message
2025-03-11 09:26:33,409 - performance_logger - DEBUG - This is a debug message
2025-03-11 09:26:33,411 - performance_logger - DEBUG - This is a debug message
2025-03-11 09:26:33,413 - performance_logger - DEBUG - This is a debug message
2025-03-11 09:26:33,413 - performance_logger - DEBUG - This is a debug message
2025-03-11 09:26:33,418 - performance_logger - DEBUG - This is a debug message
2025-03-11 09:26:33,418 - performance_logger - DEBUG - This is a debug message
2025-03-11 09:26:33,418 - performance_logger - DEBUG - This is a debug message
2025-03-11 09:26:33,425 - performance_logger - DEBUG - This is a debug message
2025-03-11 09:26:33,427 - performance_logger - DEBUG - This is a debug message
2025-03-11 09:26:33,432 - performance_logger - DEBUG - This is a debug message
2025-03-11 09:26:33,435 - performance_logger - DEBUG - This is a debug message
2025-03-11 09:26:33,436 - performance_logger - DEBUG - This is a debug message
2025-03-11 09:26:33,436 - performance_logger - DEBUG - This is a debug message
2025-03-11 09:26:33,436 - performance_logger - DEBUG - This is a debug message
2025-03-11 09:26:33,443 - performance_logger - DEBUG - This is a debug message
2025-03-11 09:26:33,443 - performance_logger - DEBUG - This is a debug message
2025-03-11 09:26:33,447 - performance_logger - DEBUG - This is a debug message
2025-03-11 09:26:33,450 - performance_logger - DEBUG - This is a debug message
2025-03-11 09:26:33,453 - performance_logger - DEBUG - This is a debug message
2025-03-11 09:26:33,457 - performance_logger - DEBUG - This is a debug message
2025-03-11 09:26:33,457 - performance_logger - DEBUG - This is a debug message
2025-03-11 09:26:33,460 - performance_logger - DEBUG - This is a debug message
2025-03-11 09:26:33,461 - performance_logger - DEBUG - This is a debug message
2025-03-11 09:26:33,461 - performance_logger - DEBUG - This is a debug message
2025-03-11 09:26:33,468 - performance_logger - DEBUG - This is a debug message
2025-03-11 09:26:33,469 - performance_logger - DEBUG - This is a debug message
2025-03-11 09:26:33,469 - performance_logger - DEBUG - This is a debug message
2025-03-11 09:26:33,475 - performance_logger - DEBUG - This is a debug message
2025-03-11 09:26:33,486 - performance_logger - DEBUG - This is a debug message
2025-03-11 09:26:33,486 - performance_logger - DEBUG - This is a debug message
2025-03-11 09:26:33,488 - performance_logger - DEBUG - This is a debug message
2025-03-11 09:26:33,491 - performance_logger - DEBUG - This is a debug message
2025-03-11 09:26:33,491 - performance_logger - DEBUG - This is a debug message
2025-03-11 09:26:33,492 - performance_logger - DEBUG - This is a debug message
2025-03-11 09:26:33,492 - performance_logger - DEBUG - This is a debug message
2025-03-11 09:26:33,492 - performance_logger - DEBUG - This is a debug message
2025-03-11 09:26:33,496 - performance_logger - DEBUG - This is a debug message
2025-03-11 09:26:33,496 - performance_logger - DEBUG - This is a debug message
2025-03-11 09:26:33,496 - performance_logger - DEBUG - This is a debug message
2025-03-11 09:26:33,496 - performance_logger - DEBUG - This is a debug message
2025-03-11 09:26:33,496 - performance_logger - DEBUG - This is a debug message
2025-03-11 09:26:33,496 - performance_logger - DEBUG - This is a debug message
2025-03-11 09:26:33,500 - performance_logger - DEBUG - This is a debug message
2025-03-11 09:26:33,501 - performance_logger - DEBUG - This is a debug message
2025-03-11 09:26:33,503 - performance_logger - DEBUG - This is a debug message
2025-03-11 09:26:33,506 - performance_logger - DEBUG - This is a debug message
2025-03-11 09:26:33,506 - performance_logger - DEBUG - This is a debug message
2025-03-11 09:26:33,509 - performance_logger - DEBUG - This is a debug message
2025-03-11 09:26:33,511 - performance_logger - DEBUG - This is a debug message
2025-03-11 09:26:33,511 - performance_logger - DEBUG - This is a debug message
2025-03-11 09:26:33,511 - performance_logger - DEBUG - This is a debug message
2025-03-11 09:26:33,517 - performance_logger - DEBUG - This is a debug message
2025-03-11 09:26:33,517 - performance_logger - DEBUG - This is a debug message
2025-03-11 09:26:33,520 - performance_logger - DEBUG - This is a debug message
2025-03-11 09:26:33,522 - performance_logger - DEBUG - This is a debug message
2025-03-11 09:26:33,525 - performance_logger - DEBUG - This is a debug message
2025-03-11 09:26:33,525 - performance_logger - DEBUG - This is a debug message
2025-03-11 09:26:33,528 - performance_logger - DEBUG - This is a debug message
2025-03-11 09:26:33,529 - performance_logger - DEBUG - This is a debug message
2025-03-11 09:26:33,531 - performance_logger - DEBUG - This is a debug message
2025-03-11 09:26:33,531 - performance_logger - DEBUG - This is a debug message
2025-03-11 09:26:33,531 - performance_logger - DEBUG - This is a debug message
2025-03-11 09:26:33,531 - performance_logger - DEBUG - This is a debug message
2025-03-11 09:26:33,536 - performance_logger - DEBUG - This is a debug message
2025-03-11 09:26:33,538 - performance_logger - DEBUG - This is a debug message
2025-03-11 09:26:33,538 - performance_logger - DEBUG - This is a debug message
2025-03-11 09:26:33,543 - performance_logger - DEBUG - This is a debug message
2025-03-11 09:26:33,545 - performance_logger - DEBUG - This is a debug message
2025-03-11 09:26:33,545 - performance_logger - DEBUG - This is a debug message
2025-03-11 09:26:33,545 - performance_logger - DEBUG - This is a debug message
2025-03-11 09:26:33,551 - performance_logger - DEBUG - This is a debug message
2025-03-11 09:26:33,552 - performance_logger - DEBUG - This is a debug message
2025-03-11 09:26:33,552 - performance_logger - DEBUG - This is a debug message
2025-03-11 09:26:33,552 - performance_logger - DEBUG - This is a debug message
2025-03-11 09:26:33,557 - performance_logger - DEBUG - This is a debug message
2025-03-11 09:26:33,559 - performance_logger - DEBUG - This is a debug message
2025-03-11 09:26:33,559 - performance_logger - DEBUG - This is a debug message
2025-03-11 09:26:33,560 - performance_logger - DEBUG - This is a debug message
2025-03-11 09:26:33,560 - performance_logger - DEBUG - This is a debug message
2025-03-11 09:26:33,560 - performance_logger - DEBUG - This is a debug message
2025-03-11 09:26:33,565 - performance_logger - DEBUG - This is a debug message
2025-03-11 09:26:33,566 - performance_logger - DEBUG - This is a debug message
2025-03-11 09:26:33,566 - performance_logger - DEBUG - This is a debug message
2025-03-11 09:26:33,569 - performance_logger - DEBUG - This is a debug message
2025-03-11 09:26:33,569 - performance_logger - DEBUG - This is a debug message
2025-03-11 09:26:33,569 - performance_logger - DEBUG - This is a debug message
2025-03-11 09:26:33,572 - performance_logger - DEBUG - This is a debug message
2025-03-11 09:26:33,572 - performance_logger - DEBUG - This is a debug message
2025-03-11 09:26:33,574 - performance_logger - DEBUG - This is a debug message
2025-03-11 09:26:33,577 - performance_logger - DEBUG - This is a debug message
2025-03-11 09:26:33,578 - performance_logger - DEBUG - This is a debug message
2025-03-11 09:26:33,580 - performance_logger - DEBUG - This is a debug message
2025-03-11 09:26:33,580 - performance_logger - DEBUG - This is a debug message
2025-03-11 09:26:33,580 - performance_logger - DEBUG - This is a debug message
2025-03-11 09:26:33,580 - performance_logger - DEBUG - This is a debug message
2025-03-11 09:26:33,586 - performance_logger - DEBUG - This is a debug message
2025-03-11 09:26:33,587 - performance_logger - DEBUG - This is a debug message
2025-03-11 09:26:33,587 - performance_logger - DEBUG - This is a debug message
2025-03-11 09:26:33,594 - performance_logger - DEBUG - This is a debug message
2025-03-11 09:26:33,596 - performance_logger - DEBUG - This is a debug message
2025-03-11 09:26:33,599 - performance_logger - DEBUG - This is a debug message
2025-03-11 09:26:33,601 - performance_logger - DEBUG - This is a debug message
2025-03-11 09:26:33,601 - performance_logger - DEBUG - This is a debug message
2025-03-11 09:26:33,608 - performance_logger - DEBUG - This is a debug message
2025-03-11 09:26:33,610 - performance_logger - DEBUG - This is a debug message
2025-03-11 09:26:33,610 - performance_logger - DEBUG - This is a debug message
2025-03-11 09:26:33,610 - performance_logger - DEBUG - This is a debug message
2025-03-11 09:26:33,614 - performance_logger - DEBUG - This is a debug message
2025-03-11 09:26:33,618 - performance_logger - DEBUG - This is a debug message
2025-03-11 09:26:33,620 - performance_logger - DEBUG - This is a debug message
2025-03-11 09:26:33,621 - performance_logger - DEBUG - This is a debug message
2025-03-11 09:26:33,621 - performance_logger - DEBUG - This is a debug message
2025-03-11 09:26:33,621 - performance_logger - DEBUG - This is a debug message
2025-03-11 09:26:33,621 - performance_logger - DEBUG - This is a debug message
2025-03-11 09:26:33,626 - performance_logger - DEBUG - This is a debug message
2025-03-11 09:26:33,628 - performance_logger - DEBUG - This is a debug message
2025-03-11 09:26:33,628 - performance_logger - DEBUG - This is a debug message
2025-03-11 09:26:33,628 - performance_logger - DEBUG - This is a debug message
2025-03-11 09:26:33,628 - performance_logger - DEBUG - This is a debug message
2025-03-11 09:26:33,633 - performance_logger - DEBUG - This is a debug message
2025-03-11 09:26:33,636 - performance_logger - DEBUG - This is a debug message
2025-03-11 09:26:33,637 - performance_logger - DEBUG - This is a debug message
2025-03-11 09:26:33,637 - performance_logger - DEBUG - This is a debug message
2025-03-11 09:26:33,641 - performance_logger - DEBUG - This is a debug message
2025-03-11 09:26:33,641 - performance_logger - DEBUG - This is a debug message
2025-03-11 09:26:33,643 - performance_logger - DEBUG - This is a debug message
2025-03-11 09:26:33,643 - performance_logger - DEBUG - This is a debug message
2025-03-11 09:26:33,684 - formatting_performance_logger - DEBUG - This is a debug message
2025-03-11 09:26:33,684 - formatting_performance_logger - DEBUG - This is a debug message
2025-03-11 09:26:33,684 - formatting_performance_logger - DEBUG - This is a debug message
2025-03-11 09:26:33,690 - formatting_performance_logger - DEBUG - This is a debug message
2025-03-11 09:26:33,691 - formatting_performance_logger - DEBUG - This is a debug message
2025-03-11 09:26:33,691 - formatting_performance_logger - DEBUG - This is a debug message
2025-03-11 09:26:33,691 - formatting_performance_logger - DEBUG - This is a debug message
2025-03-11 09:26:33,698 - formatting_performance_logger - DEBUG - This is a debug message
2025-03-11 09:26:33,699 - formatting_performance_logger - DEBUG - This is a debug message
2025-03-11 09:26:33,699 - formatting_performance_logger - DEBUG - This is a debug message
2025-03-11 09:26:33,699 - formatting_performance_logger - DEBUG - This is a debug message
2025-03-11 09:26:33,699 - formatting_performance_logger - DEBUG - This is a debug message
2025-03-11 09:26:33,705 - formatting_performance_logger - DEBUG - This is a debug message
2025-03-11 09:26:33,705 - formatting_performance_logger - DEBUG - This is a debug message
2025-03-11 09:26:33,707 - formatting_performance_logger - DEBUG - This is a debug message
2025-03-11 09:26:33,707 - formatting_performance_logger - DEBUG - This is a debug message
2025-03-11 09:26:33,707 - formatting_performance_logger - DEBUG - This is a debug message
2025-03-11 09:26:33,712 - formatting_performance_logger - DEBUG - This is a debug message
2025-03-11 09:26:33,712 - formatting_performance_logger - DEBUG - This is a debug message
2025-03-11 09:26:33,716 - formatting_performance_logger - DEBUG - This is a debug message
2025-03-11 09:26:33,717 - formatting_performance_logger - DEBUG - This is a debug message
2025-03-11 09:26:33,718 - formatting_performance_logger - DEBUG - This is a debug message
2025-03-11 09:26:33,718 - formatting_performance_logger - DEBUG - This is a debug message
2025-03-11 09:26:33,718 - formatting_performance_logger - DEBUG - This is a debug message
2025-03-11 09:26:33,718 - formatting_performance_logger - DEBUG - This is a debug message
2025-03-11 09:26:33,725 - formatting_performance_logger - DEBUG - This is a debug message
2025-03-11 09:26:33,726 - formatting_performance_logger - DEBUG - This is a debug message
2025-03-11 09:26:33,727 - formatting_performance_logger - DEBUG - This is a debug message
2025-03-11 09:26:33,729 - formatting_performance_logger - DEBUG - This is a debug message
2025-03-11 09:26:33,729 - formatting_performance_logger - DEBUG - This is a debug message
2025-03-11 09:26:33,731 - formatting_performance_logger - DEBUG - This is a debug message
2025-03-11 09:26:33,732 - formatting_performance_logger - DEBUG - This is a debug message
2025-03-11 09:26:33,732 - formatting_performance_logger - DEBUG - This is a debug message
2025-03-11 09:26:33,732 - formatting_performance_logger - DEBUG - This is a debug message
2025-03-11 09:26:33,732 - formatting_performance_logger - DEBUG - This is a debug message
2025-03-11 09:26:33,736 - formatting_performance_logger - DEBUG - This is a debug message
2025-03-11 09:26:33,736 - formatting_performance_logger - DEBUG - This is a debug message
2025-03-11 09:26:33,738 - formatting_performance_logger - DEBUG - This is a debug message
2025-03-11 09:26:33,739 - formatting_performance_logger - DEBUG - This is a debug message
2025-03-11 09:26:33,739 - formatting_performance_logger - DEBUG - This is a debug message
2025-03-11 09:26:33,739 - formatting_performance_logger - DEBUG - This is a debug message
2025-03-11 09:26:33,739 - formatting_performance_logger - DEBUG - This is a debug message
2025-03-11 09:26:33,746 - formatting_performance_logger - DEBUG - This is a debug message
2025-03-11 09:26:33,746 - formatting_performance_logger - DEBUG - This is a debug message
2025-03-11 09:26:33,746 - formatting_performance_logger - DEBUG - This is a debug message
2025-03-11 09:26:33,746 - formatting_performance_logger - DEBUG - This is a debug message
2025-03-11 09:26:33,753 - formatting_performance_logger - DEBUG - This is a debug message
2025-03-11 09:26:33,753 - formatting_performance_logger - DEBUG - This is a debug message
2025-03-11 09:26:33,753 - formatting_performance_logger - DEBUG - This is a debug message
2025-03-11 09:26:33,753 - formatting_performance_logger - DEBUG - This is a debug message
2025-03-11 09:26:33,753 - formatting_performance_logger - DEBUG - This is a debug message
2025-03-11 09:26:33,753 - formatting_performance_logger - DEBUG - This is a debug message
2025-03-11 09:26:33,759 - formatting_performance_logger - DEBUG - This is a debug message
2025-03-11 09:26:33,761 - formatting_performance_logger - DEBUG - This is a debug message
2025-03-11 09:26:33,761 - formatting_performance_logger - DEBUG - This is a debug message
2025-03-11 09:26:33,761 - formatting_performance_logger - DEBUG - This is a debug message
2025-03-11 09:26:33,766 - formatting_performance_logger - DEBUG - This is a debug message
2025-03-11 09:26:33,767 - formatting_performance_logger - DEBUG - This is a debug message
2025-03-11 09:26:33,767 - formatting_performance_logger - DEBUG - This is a debug message
2025-03-11 09:26:33,770 - formatting_performance_logger - DEBUG - This is a debug message
2025-03-11 09:26:33,770 - formatting_performance_logger - DEBUG - This is a debug message
2025-03-11 09:26:33,774 - formatting_performance_logger - DEBUG - This is a debug message
2025-03-11 09:26:33,774 - formatting_performance_logger - DEBUG - This is a debug message
2025-03-11 09:26:33,774 - formatting_performance_logger - DEBUG - This is a debug message
2025-03-11 09:26:33,774 - formatting_performance_logger - DEBUG - This is a debug message
2025-03-11 09:26:33,778 - formatting_performance_logger - DEBUG - This is a debug message
2025-03-11 09:26:33,779 - formatting_performance_logger - DEBUG - This is a debug message
2025-03-11 09:26:33,781 - formatting_performance_logger - DEBUG - This is a debug message
2025-03-11 09:26:33,781 - formatting_performance_logger - DEBUG - This is a debug message
2025-03-11 09:26:33,781 - formatting_performance_logger - DEBUG - This is a debug message
2025-03-11 09:26:33,781 - formatting_performance_logger - DEBUG - This is a debug message
2025-03-11 09:26:33,781 - formatting_performance_logger - DEBUG - This is a debug message
2025-03-11 09:26:33,786 - formatting_performance_logger - DEBUG - This is a debug message
2025-03-11 09:26:33,787 - formatting_performance_logger - DEBUG - This is a debug message
2025-03-11 09:26:33,788 - formatting_performance_logger - DEBUG - This is a debug message
2025-03-11 09:26:33,788 - formatting_performance_logger - DEBUG - This is a debug message
2025-03-11 09:26:33,788 - formatting_performance_logger - DEBUG - This is a debug message
2025-03-11 09:26:33,788 - formatting_performance_logger - DEBUG - This is a debug message
2025-03-11 09:26:33,788 - formatting_performance_logger - DEBUG - This is a debug message
2025-03-11 09:26:33,793 - formatting_performance_logger - DEBUG - This is a debug message
2025-03-11 09:26:33,795 - formatting_performance_logger - DEBUG - This is a debug message
2025-03-11 09:26:33,795 - formatting_performance_logger - DEBUG - This is a debug message
2025-03-11 09:26:33,795 - formatting_performance_logger - DEBUG - This is a debug message
2025-03-11 09:26:33,795 - formatting_performance_logger - DEBUG - This is a debug message
2025-03-11 09:26:33,795 - formatting_performance_logger - DEBUG - This is a debug message
2025-03-11 09:26:33,800 - formatting_performance_logger - DEBUG - This is a debug message
2025-03-11 09:26:33,802 - formatting_performance_logger - DEBUG - This is a debug message
2025-03-11 09:26:33,802 - formatting_performance_logger - DEBUG - This is a debug message
2025-03-11 09:26:33,802 - formatting_performance_logger - DEBUG - This is a debug message
2025-03-11 09:26:33,809 - formatting_performance_logger - DEBUG - This is a debug message
2025-03-11 09:26:33,810 - formatting_performance_logger - DEBUG - This is a debug message
2025-03-11 09:26:33,810 - formatting_performance_logger - DEBUG - This is a debug message
2025-03-11 09:26:33,810 - formatting_performance_logger - DEBUG - This is a debug message
2025-03-11 09:26:33,816 - formatting_performance_logger - DEBUG - This is a debug message
2025-03-11 09:26:33,816 - formatting_performance_logger - DEBUG - This is a debug message
2025-03-11 09:26:33,818 - formatting_performance_logger - DEBUG - This is a debug message
2025-03-11 09:26:33,818 - formatting_performance_logger - DEBUG - This is a debug message
2025-03-11 09:26:33,823 - formatting_performance_logger - DEBUG - This is a debug message
2025-03-11 09:26:33,823 - formatting_performance_logger - DEBUG - This is a debug message
2025-03-11 09:26:33,827 - formatting_performance_logger - DEBUG - This is a debug message
2025-03-11 09:26:33,837 - formatting_performance_logger - DEBUG - This is a debug message
2025-03-11 09:26:33,837 - formatting_performance_logger - DEBUG - This is a debug message
2025-03-11 09:26:33,844 - formatting_performance_logger - DEBUG - This is a debug message
2025-03-11 09:26:33,844 - formatting_performance_logger - DEBUG - This is a debug message
2025-03-11 09:26:33,844 - formatting_performance_logger - DEBUG - This is a debug message
2025-03-11 09:26:33,844 - formatting_performance_logger - DEBUG - This is a debug message
2025-03-11 09:26:33,850 - formatting_performance_logger - DEBUG - This is a debug message
2025-03-11 09:26:33,852 - formatting_performance_logger - DEBUG - This is a debug message
2025-03-11 09:26:33,852 - formatting_performance_logger - DEBUG - This is a debug message
2025-03-11 09:26:33,856 - formatting_performance_logger - DEBUG - This is a debug message
2025-03-11 09:26:33,859 - formatting_performance_logger - DEBUG - This is a debug message
2025-03-11 09:26:33,860 - formatting_performance_logger - DEBUG - This is a debug message
2025-03-11 09:26:33,863 - formatting_performance_logger - DEBUG - This is a debug message
2025-03-11 09:26:33,865 - formatting_performance_logger - DEBUG - This is a debug message
2025-03-11 09:26:33,865 - formatting_performance_logger - DEBUG - This is a debug message
2025-03-11 09:26:33,870 - formatting_performance_logger - DEBUG - This is a debug message
2025-03-11 09:26:33,870 - formatting_performance_logger - DEBUG - This is a debug message
2025-03-11 09:26:33,875 - formatting_performance_logger - DEBUG - This is a debug message
2025-03-11 09:26:33,880 - formatting_performance_logger - DEBUG - This is a debug message
2025-03-11 09:26:33,882 - formatting_performance_logger - DEBUG - This is a debug message
2025-03-11 09:26:33,884 - formatting_performance_logger - DEBUG - This is a debug message
2025-03-11 09:26:33,891 - formatting_performance_logger - DEBUG - This is a debug message
2025-03-11 09:26:33,895 - formatting_performance_logger - DEBUG - This is a debug message
2025-03-11 09:26:33,899 - formatting_performance_logger - DEBUG - This is a debug message
2025-03-11 09:26:33,900 - formatting_performance_logger - DEBUG - This is a debug message
2025-03-11 09:26:33,900 - formatting_performance_logger - DEBUG - This is a debug message
2025-03-11 09:26:33,907 - formatting_performance_logger - DEBUG - This is a debug message
2025-03-11 09:26:33,907 - formatting_performance_logger - DEBUG - This is a debug message
2025-03-11 09:26:33,907 - formatting_performance_logger - DEBUG - This is a debug message
2025-03-11 09:26:33,914 - formatting_performance_logger - DEBUG - This is a debug message
2025-03-11 09:26:33,914 - formatting_performance_logger - DEBUG - This is a debug message
2025-03-11 09:26:33,914 - formatting_performance_logger - DEBUG - This is a debug message
2025-03-11 09:26:33,920 - formatting_performance_logger - DEBUG - This is a debug message
2025-03-11 09:26:33,920 - formatting_performance_logger - DEBUG - This is a debug message
2025-03-11 09:26:33,922 - formatting_performance_logger - DEBUG - This is a debug message
2025-03-11 09:26:33,922 - formatting_performance_logger - DEBUG - This is a debug message
2025-03-11 09:26:33,927 - formatting_performance_logger - DEBUG - This is a debug message
2025-03-11 09:26:33,927 - formatting_performance_logger - DEBUG - This is a debug message
2025-03-11 09:26:33,928 - formatting_performance_logger - DEBUG - This is a debug message
2025-03-11 09:26:33,931 - formatting_performance_logger - DEBUG - This is a debug message
2025-03-11 09:26:33,933 - formatting_performance_logger - DEBUG - This is a debug message
2025-03-11 09:26:33,935 - formatting_performance_logger - DEBUG - This is a debug message
2025-03-11 09:26:33,939 - formatting_performance_logger - DEBUG - This is a debug message
2025-03-11 09:26:33,939 - formatting_performance_logger - DEBUG - This is a debug message
2025-03-11 09:26:33,947 - formatting_performance_logger - DEBUG - This is a debug message
2025-03-11 09:26:33,948 - formatting_performance_logger - DEBUG - This is a debug message
2025-03-11 09:26:33,948 - formatting_performance_logger - DEBUG - This is a debug message
2025-03-11 09:26:33,955 - formatting_performance_logger - DEBUG - This is a debug message
2025-03-11 09:26:33,955 - formatting_performance_logger - DEBUG - This is a debug message
2025-03-11 09:26:33,955 - formatting_performance_logger - DEBUG - This is a debug message
2025-03-11 09:26:33,966 - formatting_performance_logger - DEBUG - This is a debug message
2025-03-11 09:26:33,971 - formatting_performance_logger - DEBUG - This is a debug message
2025-03-11 09:26:33,974 - formatting_performance_logger - DEBUG - This is a debug message
2025-03-11 09:26:33,976 - formatting_performance_logger - DEBUG - This is a debug message
2025-03-11 09:26:33,976 - formatting_performance_logger - DEBUG - This is a debug message
2025-03-11 09:26:33,979 - formatting_performance_logger - DEBUG - This is a debug message
2025-03-11 09:26:33,981 - formatting_performance_logger - DEBUG - This is a debug message
2025-03-11 09:26:33,983 - formatting_performance_logger - DEBUG - This is a debug message
2025-03-11 09:26:33,983 - formatting_performance_logger - DEBUG - This is a debug message
2025-03-11 09:26:33,983 - formatting_performance_logger - DEBUG - This is a debug message
2025-03-11 09:26:33,989 - formatting_performance_logger - DEBUG - This is a debug message
2025-03-11 09:26:33,991 - formatting_performance_logger - DEBUG - This is a debug message
2025-03-11 09:26:33,991 - formatting_performance_logger - DEBUG - This is a debug message
2025-03-11 09:26:33,997 - formatting_performance_logger - DEBUG - This is a debug message
2025-03-11 09:26:33,997 - formatting_performance_logger - DEBUG - This is a debug message
2025-03-11 09:26:33,997 - formatting_performance_logger - DEBUG - This is a debug message
2025-03-11 09:26:34,002 - formatting_performance_logger - DEBUG - This is a debug message
2025-03-11 09:26:34,003 - formatting_performance_logger - DEBUG - This is a debug message
2025-03-11 09:26:34,004 - formatting_performance_logger - DEBUG - This is a debug message
2025-03-11 09:26:34,006 - formatting_performance_logger - DEBUG - This is a debug message
2025-03-11 09:26:34,010 - formatting_performance_logger - DEBUG - This is a debug message
2025-03-11 09:26:34,011 - formatting_performance_logger - DEBUG - This is a debug message
2025-03-11 09:26:34,013 - formatting_performance_logger - DEBUG - This is a debug message
2025-03-11 09:26:34,013 - formatting_performance_logger - DEBUG - This is a debug message
2025-03-11 09:26:34,016 - formatting_performance_logger - DEBUG - This is a debug message
2025-03-11 09:26:34,018 - formatting_performance_logger - DEBUG - This is a debug message
2025-03-11 09:26:34,018 - formatting_performance_logger - DEBUG - This is a debug message
2025-03-11 09:26:34,018 - formatting_performance_logger - DEBUG - This is a debug message
2025-03-11 09:26:34,021 - formatting_performance_logger - DEBUG - This is a debug message
2025-03-11 09:26:34,021 - formatting_performance_logger - DEBUG - This is a debug message
2025-03-11 09:26:34,021 - formatting_performance_logger - DEBUG - This is a debug message
2025-03-11 09:26:34,024 - formatting_performance_logger - DEBUG - This is a debug message
2025-03-11 09:26:34,024 - formatting_performance_logger - DEBUG - This is a debug message
2025-03-11 09:26:34,024 - formatting_performance_logger - DEBUG - This is a debug message
2025-03-11 09:26:34,024 - formatting_performance_logger - DEBUG - This is a debug message
2025-03-11 09:26:34,029 - formatting_performance_logger - DEBUG - This is a debug message
2025-03-11 09:26:34,031 - formatting_performance_logger - DEBUG - This is a debug message
2025-03-11 09:26:34,031 - formatting_performance_logger - DEBUG - This is a debug message
2025-03-11 09:26:34,031 - formatting_performance_logger - DEBUG - This is a debug message
2025-03-11 09:26:34,031 - formatting_performance_logger - DEBUG - This is a debug message
2025-03-11 09:26:34,031 - formatting_performance_logger - DEBUG - This is a debug message
2025-03-11 09:26:34,039 - formatting_performance_logger - DEBUG - This is a debug message
2025-03-11 09:26:34,039 - formatting_performance_logger - DEBUG - This is a debug message
2025-03-11 09:26:34,039 - formatting_performance_logger - DEBUG - This is a debug message
2025-03-11 09:26:34,039 - formatting_performance_logger - DEBUG - This is a debug message
2025-03-11 09:26:34,044 - formatting_performance_logger - DEBUG - This is a debug message
2025-03-11 09:26:34,045 - formatting_performance_logger - DEBUG - This is a debug message
2025-03-11 09:26:34,045 - formatting_performance_logger - DEBUG - This is a debug message
2025-03-11 09:26:34,045 - formatting_performance_logger - DEBUG - This is a debug message
2025-03-11 09:26:34,045 - formatting_performance_logger - DEBUG - This is a debug message
2025-03-11 09:30:01,654 - __main__ - INFO - Main module started
2025-03-11 09:30:01,658 - module_a - INFO - Module A function executed
2025-03-11 09:30:01,658 - module_b - INFO - Module B function executed
2025-03-11 09:30:01,662 - __main__ - INFO - Main module finished
2025-03-11 09:30:01,789 - performance_logger - DEBUG - This is a debug message
2025-03-11 09:30:01,789 - performance_logger - DEBUG - This is a debug message
2025-03-11 09:30:01,789 - performance_logger - DEBUG - This is a debug message
2025-03-11 09:30:01,789 - performance_logger - DEBUG - This is a debug message
2025-03-11 09:30:01,789 - performance_logger - DEBUG - This is a debug message
2025-03-11 09:30:01,803 - performance_logger - DEBUG - This is a debug message
2025-03-11 09:30:01,803 - performance_logger - DEBUG - This is a debug message
2025-03-11 09:30:01,803 - performance_logger - DEBUG - This is a debug message
2025-03-11 09:30:01,810 - performance_logger - DEBUG - This is a debug message
2025-03-11 09:30:01,810 - performance_logger - DEBUG - This is a debug message
2025-03-11 09:30:01,810 - performance_logger - DEBUG - This is a debug message
2025-03-11 09:30:01,810 - performance_logger - DEBUG - This is a debug message
2025-03-11 09:30:01,810 - performance_logger - DEBUG - This is a debug message
2025-03-11 09:30:01,810 - performance_logger - DEBUG - This is a debug message
2025-03-11 09:30:01,819 - performance_logger - DEBUG - This is a debug message
2025-03-11 09:30:01,819 - performance_logger - DEBUG - This is a debug message
2025-03-11 09:30:01,819 - performance_logger - DEBUG - This is a debug message
2025-03-11 09:30:01,819 - performance_logger - DEBUG - This is a debug message
2025-03-11 09:30:01,819 - performance_logger - DEBUG - This is a debug message
2025-03-11 09:30:01,819 - performance_logger - DEBUG - This is a debug message
2025-03-11 09:30:01,819 - performance_logger - DEBUG - This is a debug message
2025-03-11 09:30:01,819 - performance_logger - DEBUG - This is a debug message
2025-03-11 09:30:01,819 - performance_logger - DEBUG - This is a debug message
2025-03-11 09:30:01,819 - performance_logger - DEBUG - This is a debug message
2025-03-11 09:30:01,819 - performance_logger - DEBUG - This is a debug message
2025-03-11 09:30:01,819 - performance_logger - DEBUG - This is a debug message
2025-03-11 09:30:01,819 - performance_logger - DEBUG - This is a debug message
2025-03-11 09:30:01,819 - performance_logger - DEBUG - This is a debug message
2025-03-11 09:30:01,819 - performance_logger - DEBUG - This is a debug message
2025-03-11 09:30:01,819 - performance_logger - DEBUG - This is a debug message
2025-03-11 09:30:01,819 - performance_logger - DEBUG - This is a debug message
2025-03-11 09:30:01,819 - performance_logger - DEBUG - This is a debug message
2025-03-11 09:30:01,819 - performance_logger - DEBUG - This is a debug message
2025-03-11 09:30:01,819 - performance_logger - DEBUG - This is a debug message
2025-03-11 09:30:01,819 - performance_logger - DEBUG - This is a debug message
2025-03-11 09:30:01,819 - performance_logger - DEBUG - This is a debug message
2025-03-11 09:30:01,834 - performance_logger - DEBUG - This is a debug message
2025-03-11 09:30:01,834 - performance_logger - DEBUG - This is a debug message
2025-03-11 09:30:01,834 - performance_logger - DEBUG - This is a debug message
2025-03-11 09:30:01,837 - performance_logger - DEBUG - This is a debug message
2025-03-11 09:30:01,837 - performance_logger - DEBUG - This is a debug message
2025-03-11 09:30:01,837 - performance_logger - DEBUG - This is a debug message
2025-03-11 09:30:01,837 - performance_logger - DEBUG - This is a debug message
2025-03-11 09:30:01,837 - performance_logger - DEBUG - This is a debug message
2025-03-11 09:30:01,837 - performance_logger - DEBUG - This is a debug message
2025-03-11 09:30:01,837 - performance_logger - DEBUG - This is a debug message
2025-03-11 09:30:01,846 - performance_logger - DEBUG - This is a debug message
2025-03-11 09:30:01,855 - performance_logger - DEBUG - This is a debug message
2025-03-11 09:30:01,860 - performance_logger - DEBUG - This is a debug message
2025-03-11 09:30:01,862 - performance_logger - DEBUG - This is a debug message
2025-03-11 09:30:01,862 - performance_logger - DEBUG - This is a debug message
2025-03-11 09:30:01,866 - performance_logger - DEBUG - This is a debug message
2025-03-11 09:30:01,867 - performance_logger - DEBUG - This is a debug message
2025-03-11 09:30:01,867 - performance_logger - DEBUG - This is a debug message
2025-03-11 09:30:01,872 - performance_logger - DEBUG - This is a debug message
2025-03-11 09:30:01,872 - performance_logger - DEBUG - This is a debug message
2025-03-11 09:30:01,872 - performance_logger - DEBUG - This is a debug message
2025-03-11 09:30:01,872 - performance_logger - DEBUG - This is a debug message
2025-03-11 09:30:01,872 - performance_logger - DEBUG - This is a debug message
2025-03-11 09:30:01,872 - performance_logger - DEBUG - This is a debug message
2025-03-11 09:30:01,872 - performance_logger - DEBUG - This is a debug message
2025-03-11 09:30:01,878 - performance_logger - DEBUG - This is a debug message
2025-03-11 09:30:01,879 - performance_logger - DEBUG - This is a debug message
2025-03-11 09:30:01,879 - performance_logger - DEBUG - This is a debug message
2025-03-11 09:30:01,879 - performance_logger - DEBUG - This is a debug message
2025-03-11 09:30:01,879 - performance_logger - DEBUG - This is a debug message
2025-03-11 09:30:01,879 - performance_logger - DEBUG - This is a debug message
2025-03-11 09:30:01,879 - performance_logger - DEBUG - This is a debug message
2025-03-11 09:30:01,879 - performance_logger - DEBUG - This is a debug message
2025-03-11 09:30:01,879 - performance_logger - DEBUG - This is a debug message
2025-03-11 09:30:01,879 - performance_logger - DEBUG - This is a debug message
2025-03-11 09:30:01,886 - performance_logger - DEBUG - This is a debug message
2025-03-11 09:30:01,886 - performance_logger - DEBUG - This is a debug message
2025-03-11 09:30:01,886 - performance_logger - DEBUG - This is a debug message
2025-03-11 09:30:01,886 - performance_logger - DEBUG - This is a debug message
2025-03-11 09:30:01,886 - performance_logger - DEBUG - This is a debug message
2025-03-11 09:30:01,886 - performance_logger - DEBUG - This is a debug message
2025-03-11 09:30:01,886 - performance_logger - DEBUG - This is a debug message
2025-03-11 09:30:01,886 - performance_logger - DEBUG - This is a debug message
2025-03-11 09:30:01,886 - performance_logger - DEBUG - This is a debug message
2025-03-11 09:30:01,893 - performance_logger - DEBUG - This is a debug message
2025-03-11 09:30:01,893 - performance_logger - DEBUG - This is a debug message
2025-03-11 09:30:01,895 - performance_logger - DEBUG - This is a debug message
2025-03-11 09:30:01,895 - performance_logger - DEBUG - This is a debug message
2025-03-11 09:30:01,895 - performance_logger - DEBUG - This is a debug message
2025-03-11 09:30:01,895 - performance_logger - DEBUG - This is a debug message
2025-03-11 09:30:01,895 - performance_logger - DEBUG - This is a debug message
2025-03-11 09:30:01,895 - performance_logger - DEBUG - This is a debug message
2025-03-11 09:30:01,895 - performance_logger - DEBUG - This is a debug message
2025-03-11 09:30:01,900 - performance_logger - DEBUG - This is a debug message
2025-03-11 09:30:01,900 - performance_logger - DEBUG - This is a debug message
2025-03-11 09:30:01,900 - performance_logger - DEBUG - This is a debug message
2025-03-11 09:30:01,900 - performance_logger - DEBUG - This is a debug message
2025-03-11 09:30:01,903 - performance_logger - DEBUG - This is a debug message
2025-03-11 09:30:01,903 - performance_logger - DEBUG - This is a debug message
2025-03-11 09:30:01,903 - performance_logger - DEBUG - This is a debug message
2025-03-11 09:30:01,903 - performance_logger - DEBUG - This is a debug message
2025-03-11 09:30:01,907 - performance_logger - DEBUG - This is a debug message
2025-03-11 09:30:01,908 - performance_logger - DEBUG - This is a debug message
2025-03-11 09:30:01,908 - performance_logger - DEBUG - This is a debug message
2025-03-11 09:30:01,908 - performance_logger - DEBUG - This is a debug message
2025-03-11 09:30:01,908 - performance_logger - DEBUG - This is a debug message
2025-03-11 09:30:01,908 - performance_logger - DEBUG - This is a debug message
2025-03-11 09:30:01,913 - performance_logger - DEBUG - This is a debug message
2025-03-11 09:30:01,913 - performance_logger - DEBUG - This is a debug message
2025-03-11 09:30:01,913 - performance_logger - DEBUG - This is a debug message
2025-03-11 09:30:01,913 - performance_logger - DEBUG - This is a debug message
2025-03-11 09:30:01,913 - performance_logger - DEBUG - This is a debug message
2025-03-11 09:30:01,913 - performance_logger - DEBUG - This is a debug message
2025-03-11 09:30:01,913 - performance_logger - DEBUG - This is a debug message
2025-03-11 09:30:01,921 - performance_logger - DEBUG - This is a debug message
2025-03-11 09:30:01,921 - performance_logger - DEBUG - This is a debug message
2025-03-11 09:30:01,921 - performance_logger - DEBUG - This is a debug message
2025-03-11 09:30:01,921 - performance_logger - DEBUG - This is a debug message
2025-03-11 09:30:01,921 - performance_logger - DEBUG - This is a debug message
2025-03-11 09:30:01,921 - performance_logger - DEBUG - This is a debug message
2025-03-11 09:30:01,921 - performance_logger - DEBUG - This is a debug message
2025-03-11 09:30:01,929 - performance_logger - DEBUG - This is a debug message
2025-03-11 09:30:01,929 - performance_logger - DEBUG - This is a debug message
2025-03-11 09:30:01,929 - performance_logger - DEBUG - This is a debug message
2025-03-11 09:30:01,929 - performance_logger - DEBUG - This is a debug message
2025-03-11 09:30:01,929 - performance_logger - DEBUG - This is a debug message
2025-03-11 09:30:01,929 - performance_logger - DEBUG - This is a debug message
2025-03-11 09:30:01,937 - performance_logger - DEBUG - This is a debug message
2025-03-11 09:30:01,937 - performance_logger - DEBUG - This is a debug message
2025-03-11 09:30:01,937 - performance_logger - DEBUG - This is a debug message
2025-03-11 09:30:01,937 - performance_logger - DEBUG - This is a debug message
2025-03-11 09:30:01,937 - performance_logger - DEBUG - This is a debug message
2025-03-11 09:30:01,937 - performance_logger - DEBUG - This is a debug message
2025-03-11 09:30:01,937 - performance_logger - DEBUG - This is a debug message
2025-03-11 09:30:01,937 - performance_logger - DEBUG - This is a debug message
2025-03-11 09:30:01,937 - performance_logger - DEBUG - This is a debug message
2025-03-11 09:30:01,937 - performance_logger - DEBUG - This is a debug message
2025-03-11 09:30:01,937 - performance_logger - DEBUG - This is a debug message
2025-03-11 09:30:01,937 - performance_logger - DEBUG - This is a debug message
2025-03-11 09:30:01,937 - performance_logger - DEBUG - This is a debug message
2025-03-11 09:30:01,952 - performance_logger - DEBUG - This is a debug message
2025-03-11 09:30:01,952 - performance_logger - DEBUG - This is a debug message
2025-03-11 09:30:01,952 - performance_logger - DEBUG - This is a debug message
2025-03-11 09:30:01,952 - performance_logger - DEBUG - This is a debug message
2025-03-11 09:30:01,952 - performance_logger - DEBUG - This is a debug message
2025-03-11 09:30:01,952 - performance_logger - DEBUG - This is a debug message
2025-03-11 09:30:01,952 - performance_logger - DEBUG - This is a debug message
2025-03-11 09:30:01,952 - performance_logger - DEBUG - This is a debug message
2025-03-11 09:30:01,952 - performance_logger - DEBUG - This is a debug message
2025-03-11 09:30:01,952 - performance_logger - DEBUG - This is a debug message
2025-03-11 09:30:01,952 - performance_logger - DEBUG - This is a debug message
2025-03-11 09:30:01,952 - performance_logger - DEBUG - This is a debug message
2025-03-11 09:30:01,969 - performance_logger - DEBUG - This is a debug message
2025-03-11 09:30:01,969 - performance_logger - DEBUG - This is a debug message
2025-03-11 09:30:01,969 - performance_logger - DEBUG - This is a debug message
2025-03-11 09:30:01,969 - performance_logger - DEBUG - This is a debug message
2025-03-11 09:30:01,969 - performance_logger - DEBUG - This is a debug message
2025-03-11 09:30:01,969 - performance_logger - DEBUG - This is a debug message
2025-03-11 09:30:01,969 - performance_logger - DEBUG - This is a debug message
2025-03-11 09:30:01,969 - performance_logger - DEBUG - This is a debug message
2025-03-11 09:30:01,969 - performance_logger - DEBUG - This is a debug message
2025-03-11 09:30:01,984 - performance_logger - DEBUG - This is a debug message
2025-03-11 09:30:01,984 - performance_logger - DEBUG - This is a debug message
2025-03-11 09:30:01,984 - performance_logger - DEBUG - This is a debug message
2025-03-11 09:30:01,984 - performance_logger - DEBUG - This is a debug message
2025-03-11 09:30:01,984 - performance_logger - DEBUG - This is a debug message
2025-03-11 09:30:01,984 - performance_logger - DEBUG - This is a debug message
2025-03-11 09:30:01,984 - performance_logger - DEBUG - This is a debug message
2025-03-11 09:30:01,984 - performance_logger - DEBUG - This is a debug message
2025-03-11 09:30:01,984 - performance_logger - DEBUG - This is a debug message
2025-03-11 09:30:01,984 - performance_logger - DEBUG - This is a debug message
2025-03-11 09:30:01,999 - performance_logger - DEBUG - This is a debug message
2025-03-11 09:30:01,999 - performance_logger - DEBUG - This is a debug message
2025-03-11 09:30:01,999 - performance_logger - DEBUG - This is a debug message
2025-03-11 09:30:01,999 - performance_logger - DEBUG - This is a debug message
2025-03-11 09:30:01,999 - performance_logger - DEBUG - This is a debug message
2025-03-11 09:30:01,999 - performance_logger - DEBUG - This is a debug message
2025-03-11 09:30:01,999 - performance_logger - DEBUG - This is a debug message
2025-03-11 09:30:01,999 - performance_logger - DEBUG - This is a debug message
2025-03-11 09:30:01,999 - performance_logger - DEBUG - This is a debug message
2025-03-11 09:30:01,999 - performance_logger - DEBUG - This is a debug message
2025-03-11 09:30:01,999 - performance_logger - DEBUG - This is a debug message
2025-03-11 09:30:01,999 - performance_logger - DEBUG - This is a debug message
2025-03-11 09:30:01,999 - performance_logger - DEBUG - This is a debug message
2025-03-11 09:30:01,999 - performance_logger - DEBUG - This is a debug message
2025-03-11 09:30:01,999 - performance_logger - DEBUG - This is a debug message
2025-03-11 09:30:01,999 - performance_logger - DEBUG - This is a debug message
2025-03-11 09:30:02,015 - performance_logger - DEBUG - This is a debug message
2025-03-11 09:30:02,015 - performance_logger - DEBUG - This is a debug message
2025-03-11 09:30:02,015 - performance_logger - DEBUG - This is a debug message
2025-03-11 09:30:02,015 - performance_logger - DEBUG - This is a debug message
2025-03-11 09:30:02,015 - performance_logger - DEBUG - This is a debug message
2025-03-11 09:30:02,015 - performance_logger - DEBUG - This is a debug message
2025-03-11 09:30:02,015 - performance_logger - DEBUG - This is a debug message
2025-03-11 09:30:02,015 - performance_logger - DEBUG - This is a debug message
2025-03-11 09:30:02,015 - performance_logger - DEBUG - This is a debug message
2025-03-11 09:30:02,031 - performance_logger - DEBUG - This is a debug message
2025-03-11 09:30:02,033 - performance_logger - DEBUG - This is a debug message
2025-03-11 09:30:02,034 - performance_logger - DEBUG - This is a debug message
2025-03-11 09:30:02,034 - performance_logger - DEBUG - This is a debug message
2025-03-11 09:30:02,034 - performance_logger - DEBUG - This is a debug message
2025-03-11 09:30:02,034 - performance_logger - DEBUG - This is a debug message
2025-03-11 09:30:02,034 - performance_logger - DEBUG - This is a debug message
2025-03-11 09:30:02,034 - performance_logger - DEBUG - This is a debug message
2025-03-11 09:30:02,034 - performance_logger - DEBUG - This is a debug message
2025-03-11 09:30:02,034 - performance_logger - DEBUG - This is a debug message
2025-03-11 09:30:02,034 - performance_logger - DEBUG - This is a debug message
2025-03-11 09:30:02,034 - performance_logger - DEBUG - This is a debug message
2025-03-11 09:30:02,045 - performance_logger - DEBUG - This is a debug message
2025-03-11 09:30:02,045 - performance_logger - DEBUG - This is a debug message
2025-03-11 09:30:02,045 - performance_logger - DEBUG - This is a debug message
2025-03-11 09:30:02,045 - performance_logger - DEBUG - This is a debug message
2025-03-11 09:30:02,052 - performance_logger - DEBUG - This is a debug message
2025-03-11 09:30:02,052 - performance_logger - DEBUG - This is a debug message
2025-03-11 09:30:02,052 - performance_logger - DEBUG - This is a debug message
2025-03-11 09:30:02,052 - performance_logger - DEBUG - This is a debug message
2025-03-11 09:30:02,052 - performance_logger - DEBUG - This is a debug message
2025-03-11 09:30:02,052 - performance_logger - DEBUG - This is a debug message
2025-03-11 09:30:02,061 - performance_logger - DEBUG - This is a debug message
2025-03-11 09:30:02,061 - performance_logger - DEBUG - This is a debug message
2025-03-11 09:30:02,061 - performance_logger - DEBUG - This is a debug message
2025-03-11 09:30:02,061 - performance_logger - DEBUG - This is a debug message
2025-03-11 09:30:02,061 - performance_logger - DEBUG - This is a debug message
2025-03-11 09:30:02,061 - performance_logger - DEBUG - This is a debug message
2025-03-11 09:30:02,061 - performance_logger - DEBUG - This is a debug message
2025-03-11 09:30:02,061 - performance_logger - DEBUG - This is a debug message
2025-03-11 09:30:02,061 - performance_logger - DEBUG - This is a debug message
2025-03-11 09:30:02,061 - performance_logger - DEBUG - This is a debug message
2025-03-11 09:30:02,061 - performance_logger - DEBUG - This is a debug message
2025-03-11 09:30:02,061 - performance_logger - DEBUG - This is a debug message
2025-03-11 09:30:02,061 - performance_logger - DEBUG - This is a debug message
2025-03-11 09:30:02,061 - performance_logger - DEBUG - This is a debug message
2025-03-11 09:30:02,061 - performance_logger - DEBUG - This is a debug message
2025-03-11 09:30:02,061 - performance_logger - DEBUG - This is a debug message
2025-03-11 09:30:02,061 - performance_logger - DEBUG - This is a debug message
2025-03-11 09:30:02,061 - performance_logger - DEBUG - This is a debug message
2025-03-11 09:30:02,077 - performance_logger - DEBUG - This is a debug message
2025-03-11 09:30:02,077 - performance_logger - DEBUG - This is a debug message
2025-03-11 09:30:02,080 - performance_logger - DEBUG - This is a debug message
2025-03-11 09:30:02,080 - performance_logger - DEBUG - This is a debug message
2025-03-11 09:30:02,080 - performance_logger - DEBUG - This is a debug message
2025-03-11 09:30:02,085 - performance_logger - DEBUG - This is a debug message
2025-03-11 09:30:02,087 - performance_logger - DEBUG - This is a debug message
2025-03-11 09:30:02,087 - performance_logger - DEBUG - This is a debug message
2025-03-11 09:30:02,087 - performance_logger - DEBUG - This is a debug message
2025-03-11 09:30:02,087 - performance_logger - DEBUG - This is a debug message
2025-03-11 09:30:02,087 - performance_logger - DEBUG - This is a debug message
2025-03-11 09:30:02,094 - performance_logger - DEBUG - This is a debug message
2025-03-11 09:30:02,095 - performance_logger - DEBUG - This is a debug message
2025-03-11 09:30:02,095 - performance_logger - DEBUG - This is a debug message
2025-03-11 09:30:02,103 - performance_logger - DEBUG - This is a debug message
2025-03-11 09:30:02,105 - performance_logger - DEBUG - This is a debug message
2025-03-11 09:30:02,105 - performance_logger - DEBUG - This is a debug message
2025-03-11 09:30:02,105 - performance_logger - DEBUG - This is a debug message
2025-03-11 09:30:02,105 - performance_logger - DEBUG - This is a debug message
2025-03-11 09:30:02,105 - performance_logger - DEBUG - This is a debug message
2025-03-11 09:30:02,105 - performance_logger - DEBUG - This is a debug message
2025-03-11 09:30:02,105 - performance_logger - DEBUG - This is a debug message
2025-03-11 09:30:02,105 - performance_logger - DEBUG - This is a debug message
2025-03-11 09:30:02,105 - performance_logger - DEBUG - This is a debug message
2025-03-11 09:30:02,118 - performance_logger - DEBUG - This is a debug message
2025-03-11 09:30:02,118 - performance_logger - DEBUG - This is a debug message
2025-03-11 09:30:02,118 - performance_logger - DEBUG - This is a debug message
2025-03-11 09:30:02,118 - performance_logger - DEBUG - This is a debug message
2025-03-11 09:30:02,118 - performance_logger - DEBUG - This is a debug message
2025-03-11 09:30:02,136 - performance_logger - DEBUG - This is a debug message
2025-03-11 09:30:02,136 - performance_logger - DEBUG - This is a debug message
2025-03-11 09:30:02,142 - performance_logger - DEBUG - This is a debug message
2025-03-11 09:30:02,144 - performance_logger - DEBUG - This is a debug message
2025-03-11 09:30:02,144 - performance_logger - DEBUG - This is a debug message
2025-03-11 09:30:02,144 - performance_logger - DEBUG - This is a debug message
2025-03-11 09:30:02,151 - performance_logger - DEBUG - This is a debug message
2025-03-11 09:30:02,153 - performance_logger - DEBUG - This is a debug message
2025-03-11 09:30:02,153 - performance_logger - DEBUG - This is a debug message
2025-03-11 09:30:02,153 - performance_logger - DEBUG - This is a debug message
2025-03-11 09:30:02,153 - performance_logger - DEBUG - This is a debug message
2025-03-11 09:30:02,153 - performance_logger - DEBUG - This is a debug message
2025-03-11 09:30:02,153 - performance_logger - DEBUG - This is a debug message
2025-03-11 09:30:02,153 - performance_logger - DEBUG - This is a debug message
2025-03-11 09:30:02,153 - performance_logger - DEBUG - This is a debug message
2025-03-11 09:30:02,153 - performance_logger - DEBUG - This is a debug message
2025-03-11 09:30:02,153 - performance_logger - DEBUG - This is a debug message
2025-03-11 09:30:02,153 - performance_logger - DEBUG - This is a debug message
2025-03-11 09:30:02,153 - performance_logger - DEBUG - This is a debug message
2025-03-11 09:30:02,166 - performance_logger - DEBUG - This is a debug message
2025-03-11 09:30:02,166 - performance_logger - DEBUG - This is a debug message
2025-03-11 09:30:02,166 - performance_logger - DEBUG - This is a debug message
2025-03-11 09:30:02,166 - performance_logger - DEBUG - This is a debug message
2025-03-11 09:30:02,166 - performance_logger - DEBUG - This is a debug message
2025-03-11 09:30:02,166 - performance_logger - DEBUG - This is a debug message
2025-03-11 09:30:02,166 - performance_logger - DEBUG - This is a debug message
2025-03-11 09:30:02,166 - performance_logger - DEBUG - This is a debug message
2025-03-11 09:30:02,166 - performance_logger - DEBUG - This is a debug message
2025-03-11 09:30:02,166 - performance_logger - DEBUG - This is a debug message
2025-03-11 09:30:02,166 - performance_logger - DEBUG - This is a debug message
2025-03-11 09:30:02,166 - performance_logger - DEBUG - This is a debug message
2025-03-11 09:30:02,166 - performance_logger - DEBUG - This is a debug message
2025-03-11 09:30:02,166 - performance_logger - DEBUG - This is a debug message
2025-03-11 09:30:02,166 - performance_logger - DEBUG - This is a debug message
2025-03-11 09:30:02,166 - performance_logger - DEBUG - This is a debug message
2025-03-11 09:30:02,166 - performance_logger - DEBUG - This is a debug message
2025-03-11 09:30:02,166 - performance_logger - DEBUG - This is a debug message
2025-03-11 09:30:02,166 - performance_logger - DEBUG - This is a debug message
2025-03-11 09:30:02,166 - performance_logger - DEBUG - This is a debug message
2025-03-11 09:30:02,210 - formatting_performance_logger - DEBUG - This is a debug message
2025-03-11 09:30:02,212 - formatting_performance_logger - DEBUG - This is a debug message
2025-03-11 09:30:02,212 - formatting_performance_logger - DEBUG - This is a debug message
2025-03-11 09:30:02,212 - formatting_performance_logger - DEBUG - This is a debug message
2025-03-11 09:30:02,212 - formatting_performance_logger - DEBUG - This is a debug message
2025-03-11 09:30:02,212 - formatting_performance_logger - DEBUG - This is a debug message
2025-03-11 09:30:02,212 - formatting_performance_logger - DEBUG - This is a debug message
2025-03-11 09:30:02,212 - formatting_performance_logger - DEBUG - This is a debug message
2025-03-11 09:30:02,212 - formatting_performance_logger - DEBUG - This is a debug message
2025-03-11 09:30:02,219 - formatting_performance_logger - DEBUG - This is a debug message
2025-03-11 09:30:02,219 - formatting_performance_logger - DEBUG - This is a debug message
2025-03-11 09:30:02,221 - formatting_performance_logger - DEBUG - This is a debug message
2025-03-11 09:30:02,221 - formatting_performance_logger - DEBUG - This is a debug message
2025-03-11 09:30:02,221 - formatting_performance_logger - DEBUG - This is a debug message
2025-03-11 09:30:02,221 - formatting_performance_logger - DEBUG - This is a debug message
2025-03-11 09:30:02,221 - formatting_performance_logger - DEBUG - This is a debug message
2025-03-11 09:30:02,221 - formatting_performance_logger - DEBUG - This is a debug message
2025-03-11 09:30:02,221 - formatting_performance_logger - DEBUG - This is a debug message
2025-03-11 09:30:02,225 - formatting_performance_logger - DEBUG - This is a debug message
2025-03-11 09:30:02,227 - formatting_performance_logger - DEBUG - This is a debug message
2025-03-11 09:30:02,227 - formatting_performance_logger - DEBUG - This is a debug message
2025-03-11 09:30:02,227 - formatting_performance_logger - DEBUG - This is a debug message
2025-03-11 09:30:02,227 - formatting_performance_logger - DEBUG - This is a debug message
2025-03-11 09:30:02,227 - formatting_performance_logger - DEBUG - This is a debug message
2025-03-11 09:30:02,227 - formatting_performance_logger - DEBUG - This is a debug message
2025-03-11 09:30:02,227 - formatting_performance_logger - DEBUG - This is a debug message
2025-03-11 09:30:02,227 - formatting_performance_logger - DEBUG - This is a debug message
2025-03-11 09:30:02,235 - formatting_performance_logger - DEBUG - This is a debug message
2025-03-11 09:30:02,235 - formatting_performance_logger - DEBUG - This is a debug message
2025-03-11 09:30:02,235 - formatting_performance_logger - DEBUG - This is a debug message
2025-03-11 09:30:02,235 - formatting_performance_logger - DEBUG - This is a debug message
2025-03-11 09:30:02,235 - formatting_performance_logger - DEBUG - This is a debug message
2025-03-11 09:30:02,235 - formatting_performance_logger - DEBUG - This is a debug message
2025-03-11 09:30:02,235 - formatting_performance_logger - DEBUG - This is a debug message
2025-03-11 09:30:02,235 - formatting_performance_logger - DEBUG - This is a debug message
2025-03-11 09:30:02,240 - formatting_performance_logger - DEBUG - This is a debug message
2025-03-11 09:30:02,240 - formatting_performance_logger - DEBUG - This is a debug message
2025-03-11 09:30:02,241 - formatting_performance_logger - DEBUG - This is a debug message
2025-03-11 09:30:02,241 - formatting_performance_logger - DEBUG - This is a debug message
2025-03-11 09:30:02,241 - formatting_performance_logger - DEBUG - This is a debug message
2025-03-11 09:30:02,241 - formatting_performance_logger - DEBUG - This is a debug message
2025-03-11 09:30:02,241 - formatting_performance_logger - DEBUG - This is a debug message
2025-03-11 09:30:02,241 - formatting_performance_logger - DEBUG - This is a debug message
2025-03-11 09:30:02,241 - formatting_performance_logger - DEBUG - This is a debug message
2025-03-11 09:30:02,241 - formatting_performance_logger - DEBUG - This is a debug message
2025-03-11 09:30:02,241 - formatting_performance_logger - DEBUG - This is a debug message
2025-03-11 09:30:02,241 - formatting_performance_logger - DEBUG - This is a debug message
2025-03-11 09:30:02,241 - formatting_performance_logger - DEBUG - This is a debug message
2025-03-11 09:30:02,241 - formatting_performance_logger - DEBUG - This is a debug message
2025-03-11 09:30:02,250 - formatting_performance_logger - DEBUG - This is a debug message
2025-03-11 09:30:02,253 - formatting_performance_logger - DEBUG - This is a debug message
2025-03-11 09:30:02,253 - formatting_performance_logger - DEBUG - This is a debug message
2025-03-11 09:30:02,253 - formatting_performance_logger - DEBUG - This is a debug message
2025-03-11 09:30:02,253 - formatting_performance_logger - DEBUG - This is a debug message
2025-03-11 09:30:02,253 - formatting_performance_logger - DEBUG - This is a debug message
2025-03-11 09:30:02,253 - formatting_performance_logger - DEBUG - This is a debug message
2025-03-11 09:30:02,253 - formatting_performance_logger - DEBUG - This is a debug message
2025-03-11 09:30:02,258 - formatting_performance_logger - DEBUG - This is a debug message
2025-03-11 09:30:02,258 - formatting_performance_logger - DEBUG - This is a debug message
2025-03-11 09:30:02,258 - formatting_performance_logger - DEBUG - This is a debug message
2025-03-11 09:30:02,258 - formatting_performance_logger - DEBUG - This is a debug message
2025-03-11 09:30:02,258 - formatting_performance_logger - DEBUG - This is a debug message
2025-03-11 09:30:02,258 - formatting_performance_logger - DEBUG - This is a debug message
2025-03-11 09:30:02,258 - formatting_performance_logger - DEBUG - This is a debug message
2025-03-11 09:30:02,258 - formatting_performance_logger - DEBUG - This is a debug message
2025-03-11 09:30:02,258 - formatting_performance_logger - DEBUG - This is a debug message
2025-03-11 09:30:02,258 - formatting_performance_logger - DEBUG - This is a debug message
2025-03-11 09:30:02,258 - formatting_performance_logger - DEBUG - This is a debug message
2025-03-11 09:30:02,266 - formatting_performance_logger - DEBUG - This is a debug message
2025-03-11 09:30:02,268 - formatting_performance_logger - DEBUG - This is a debug message
2025-03-11 09:30:02,268 - formatting_performance_logger - DEBUG - This is a debug message
2025-03-11 09:30:02,268 - formatting_performance_logger - DEBUG - This is a debug message
2025-03-11 09:30:02,268 - formatting_performance_logger - DEBUG - This is a debug message
2025-03-11 09:30:02,271 - formatting_performance_logger - DEBUG - This is a debug message
2025-03-11 09:30:02,271 - formatting_performance_logger - DEBUG - This is a debug message
2025-03-11 09:30:02,271 - formatting_performance_logger - DEBUG - This is a debug message
2025-03-11 09:30:02,271 - formatting_performance_logger - DEBUG - This is a debug message
2025-03-11 09:30:02,271 - formatting_performance_logger - DEBUG - This is a debug message
2025-03-11 09:30:02,271 - formatting_performance_logger - DEBUG - This is a debug message
2025-03-11 09:30:02,271 - formatting_performance_logger - DEBUG - This is a debug message
2025-03-11 09:30:02,275 - formatting_performance_logger - DEBUG - This is a debug message
2025-03-11 09:30:02,276 - formatting_performance_logger - DEBUG - This is a debug message
2025-03-11 09:30:02,276 - formatting_performance_logger - DEBUG - This is a debug message
2025-03-11 09:30:02,276 - formatting_performance_logger - DEBUG - This is a debug message
2025-03-11 09:30:02,276 - formatting_performance_logger - DEBUG - This is a debug message
2025-03-11 09:30:02,276 - formatting_performance_logger - DEBUG - This is a debug message
2025-03-11 09:30:02,276 - formatting_performance_logger - DEBUG - This is a debug message
2025-03-11 09:30:02,276 - formatting_performance_logger - DEBUG - This is a debug message
2025-03-11 09:30:02,282 - formatting_performance_logger - DEBUG - This is a debug message
2025-03-11 09:30:02,283 - formatting_performance_logger - DEBUG - This is a debug message
2025-03-11 09:30:02,283 - formatting_performance_logger - DEBUG - This is a debug message
2025-03-11 09:30:02,283 - formatting_performance_logger - DEBUG - This is a debug message
2025-03-11 09:30:02,283 - formatting_performance_logger - DEBUG - This is a debug message
2025-03-11 09:30:02,283 - formatting_performance_logger - DEBUG - This is a debug message
2025-03-11 09:30:02,283 - formatting_performance_logger - DEBUG - This is a debug message
2025-03-11 09:30:02,283 - formatting_performance_logger - DEBUG - This is a debug message
2025-03-11 09:30:02,283 - formatting_performance_logger - DEBUG - This is a debug message
2025-03-11 09:30:02,283 - formatting_performance_logger - DEBUG - This is a debug message
2025-03-11 09:30:02,283 - formatting_performance_logger - DEBUG - This is a debug message
2025-03-11 09:30:02,289 - formatting_performance_logger - DEBUG - This is a debug message
2025-03-11 09:30:02,291 - formatting_performance_logger - DEBUG - This is a debug message
2025-03-11 09:30:02,291 - formatting_performance_logger - DEBUG - This is a debug message
2025-03-11 09:30:02,292 - formatting_performance_logger - DEBUG - This is a debug message
2025-03-11 09:30:02,292 - formatting_performance_logger - DEBUG - This is a debug message
2025-03-11 09:30:02,292 - formatting_performance_logger - DEBUG - This is a debug message
2025-03-11 09:30:02,292 - formatting_performance_logger - DEBUG - This is a debug message
2025-03-11 09:30:02,292 - formatting_performance_logger - DEBUG - This is a debug message
2025-03-11 09:30:02,292 - formatting_performance_logger - DEBUG - This is a debug message
2025-03-11 09:30:02,292 - formatting_performance_logger - DEBUG - This is a debug message
2025-03-11 09:30:02,292 - formatting_performance_logger - DEBUG - This is a debug message
2025-03-11 09:30:02,292 - formatting_performance_logger - DEBUG - This is a debug message
2025-03-11 09:30:02,292 - formatting_performance_logger - DEBUG - This is a debug message
2025-03-11 09:30:02,292 - formatting_performance_logger - DEBUG - This is a debug message
2025-03-11 09:30:02,292 - formatting_performance_logger - DEBUG - This is a debug message
2025-03-11 09:30:02,292 - formatting_performance_logger - DEBUG - This is a debug message
2025-03-11 09:30:02,292 - formatting_performance_logger - DEBUG - This is a debug message
2025-03-11 09:30:02,306 - formatting_performance_logger - DEBUG - This is a debug message
2025-03-11 09:30:02,306 - formatting_performance_logger - DEBUG - This is a debug message
2025-03-11 09:30:02,306 - formatting_performance_logger - DEBUG - This is a debug message
2025-03-11 09:30:02,306 - formatting_performance_logger - DEBUG - This is a debug message
2025-03-11 09:30:02,306 - formatting_performance_logger - DEBUG - This is a debug message
2025-03-11 09:30:02,306 - formatting_performance_logger - DEBUG - This is a debug message
2025-03-11 09:30:02,306 - formatting_performance_logger - DEBUG - This is a debug message
2025-03-11 09:30:02,306 - formatting_performance_logger - DEBUG - This is a debug message
2025-03-11 09:30:02,306 - formatting_performance_logger - DEBUG - This is a debug message
2025-03-11 09:30:02,306 - formatting_performance_logger - DEBUG - This is a debug message
2025-03-11 09:30:02,306 - formatting_performance_logger - DEBUG - This is a debug message
2025-03-11 09:30:02,317 - formatting_performance_logger - DEBUG - This is a debug message
2025-03-11 09:30:02,317 - formatting_performance_logger - DEBUG - This is a debug message
2025-03-11 09:30:02,317 - formatting_performance_logger - DEBUG - This is a debug message
2025-03-11 09:30:02,317 - formatting_performance_logger - DEBUG - This is a debug message
2025-03-11 09:30:02,317 - formatting_performance_logger - DEBUG - This is a debug message
2025-03-11 09:30:02,317 - formatting_performance_logger - DEBUG - This is a debug message
2025-03-11 09:30:02,317 - formatting_performance_logger - DEBUG - This is a debug message
2025-03-11 09:30:02,317 - formatting_performance_logger - DEBUG - This is a debug message
2025-03-11 09:30:02,317 - formatting_performance_logger - DEBUG - This is a debug message
2025-03-11 09:30:02,317 - formatting_performance_logger - DEBUG - This is a debug message
2025-03-11 09:30:02,324 - formatting_performance_logger - DEBUG - This is a debug message
2025-03-11 09:30:02,324 - formatting_performance_logger - DEBUG - This is a debug message
2025-03-11 09:30:02,324 - formatting_performance_logger - DEBUG - This is a debug message
2025-03-11 09:30:02,324 - formatting_performance_logger - DEBUG - This is a debug message
2025-03-11 09:30:02,324 - formatting_performance_logger - DEBUG - This is a debug message
2025-03-11 09:30:02,324 - formatting_performance_logger - DEBUG - This is a debug message
2025-03-11 09:30:02,324 - formatting_performance_logger - DEBUG - This is a debug message
2025-03-11 09:30:02,324 - formatting_performance_logger - DEBUG - This is a debug message
2025-03-11 09:30:02,331 - formatting_performance_logger - DEBUG - This is a debug message
2025-03-11 09:30:02,332 - formatting_performance_logger - DEBUG - This is a debug message
2025-03-11 09:30:02,332 - formatting_performance_logger - DEBUG - This is a debug message
2025-03-11 09:30:02,332 - formatting_performance_logger - DEBUG - This is a debug message
2025-03-11 09:30:02,332 - formatting_performance_logger - DEBUG - This is a debug message
2025-03-11 09:30:02,338 - formatting_performance_logger - DEBUG - This is a debug message
2025-03-11 09:30:02,338 - formatting_performance_logger - DEBUG - This is a debug message
2025-03-11 09:30:02,338 - formatting_performance_logger - DEBUG - This is a debug message
2025-03-11 09:30:02,340 - formatting_performance_logger - DEBUG - This is a debug message
2025-03-11 09:30:02,340 - formatting_performance_logger - DEBUG - This is a debug message
2025-03-11 09:30:02,340 - formatting_performance_logger - DEBUG - This is a debug message
2025-03-11 09:30:02,340 - formatting_performance_logger - DEBUG - This is a debug message
2025-03-11 09:30:02,340 - formatting_performance_logger - DEBUG - This is a debug message
2025-03-11 09:30:02,345 - formatting_performance_logger - DEBUG - This is a debug message
2025-03-11 09:30:02,345 - formatting_performance_logger - DEBUG - This is a debug message
2025-03-11 09:30:02,345 - formatting_performance_logger - DEBUG - This is a debug message
2025-03-11 09:30:02,349 - formatting_performance_logger - DEBUG - This is a debug message
2025-03-11 09:30:02,349 - formatting_performance_logger - DEBUG - This is a debug message
2025-03-11 09:30:02,349 - formatting_performance_logger - DEBUG - This is a debug message
2025-03-11 09:30:02,352 - formatting_performance_logger - DEBUG - This is a debug message
2025-03-11 09:30:02,352 - formatting_performance_logger - DEBUG - This is a debug message
2025-03-11 09:30:02,352 - formatting_performance_logger - DEBUG - This is a debug message
2025-03-11 09:30:02,352 - formatting_performance_logger - DEBUG - This is a debug message
2025-03-11 09:30:02,352 - formatting_performance_logger - DEBUG - This is a debug message
2025-03-11 09:30:02,352 - formatting_performance_logger - DEBUG - This is a debug message
2025-03-11 09:30:02,356 - formatting_performance_logger - DEBUG - This is a debug message
2025-03-11 09:30:02,356 - formatting_performance_logger - DEBUG - This is a debug message
2025-03-11 09:30:02,358 - formatting_performance_logger - DEBUG - This is a debug message
2025-03-11 09:30:02,358 - formatting_performance_logger - DEBUG - This is a debug message
2025-03-11 09:30:02,358 - formatting_performance_logger - DEBUG - This is a debug message
2025-03-11 09:30:02,358 - formatting_performance_logger - DEBUG - This is a debug message
2025-03-11 09:30:02,358 - formatting_performance_logger - DEBUG - This is a debug message
2025-03-11 09:30:02,358 - formatting_performance_logger - DEBUG - This is a debug message
2025-03-11 09:30:02,358 - formatting_performance_logger - DEBUG - This is a debug message
2025-03-11 09:30:02,358 - formatting_performance_logger - DEBUG - This is a debug message
2025-03-11 09:30:02,365 - formatting_performance_logger - DEBUG - This is a debug message
2025-03-11 09:30:02,365 - formatting_performance_logger - DEBUG - This is a debug message
2025-03-11 09:30:02,365 - formatting_performance_logger - DEBUG - This is a debug message
2025-03-11 09:30:02,365 - formatting_performance_logger - DEBUG - This is a debug message
2025-03-11 09:30:02,365 - formatting_performance_logger - DEBUG - This is a debug message
2025-03-11 09:30:02,365 - formatting_performance_logger - DEBUG - This is a debug message
2025-03-11 09:30:02,365 - formatting_performance_logger - DEBUG - This is a debug message
2025-03-11 09:30:02,365 - formatting_performance_logger - DEBUG - This is a debug message
2025-03-11 09:30:02,373 - formatting_performance_logger - DEBUG - This is a debug message
2025-03-11 09:30:02,374 - formatting_performance_logger - DEBUG - This is a debug message
2025-03-11 09:30:02,374 - formatting_performance_logger - DEBUG - This is a debug message
2025-03-11 09:30:02,374 - formatting_performance_logger - DEBUG - This is a debug message
2025-03-11 09:30:02,374 - formatting_performance_logger - DEBUG - This is a debug message
2025-03-11 09:30:02,374 - formatting_performance_logger - DEBUG - This is a debug message
2025-03-11 09:30:02,374 - formatting_performance_logger - DEBUG - This is a debug message
2025-03-11 09:30:02,374 - formatting_performance_logger - DEBUG - This is a debug message
2025-03-11 09:30:02,379 - formatting_performance_logger - DEBUG - This is a debug message
2025-03-11 09:30:02,380 - formatting_performance_logger - DEBUG - This is a debug message
2025-03-11 09:30:02,380 - formatting_performance_logger - DEBUG - This is a debug message
2025-03-11 09:30:02,382 - formatting_performance_logger - DEBUG - This is a debug message
2025-03-11 09:30:17,045 - root - DEBUG - This is a debug message
2025-03-11 09:30:17,053 - root - INFO - This is an info message
2025-03-11 09:30:17,053 - root - WARNING - This is a warning message
2025-03-11 09:30:17,053 - root - ERROR - This is an error message
2025-03-11 09:30:17,060 - root - CRITICAL - This is a critical message
